<?xml version="1.0" encoding="UTF-8"?>
<testsuite name="org.acme.rest.json.gradle.AppTest" tests="2" skipped="0" failures="0" errors="0" timestamp="2023-10-19T18:18:20" hostname="SPARK-PF48CJNN" time="0.192">
  <properties/>
  <testcase name="testMessageReturnsSomething" classname="org.acme.rest.json.gradle.AppTest" time="0.19"/>
  <testcase name="testMessageReturnedHasLettersAndNumbers" classname="org.acme.rest.json.gradle.AppTest" time="0.002"/>
  <system-out><![CDATA[14:18:19.696 [Test worker] DEBUG org.springframework.test.context.junit4.SpringJUnit4ClassRunner - SpringJUnit4ClassRunner constructor called with [class org.acme.rest.json.gradle.AppTest]
14:18:19.703 [Test worker] DEBUG org.springframework.test.context.BootstrapUtils - Instantiating CacheAwareContextLoaderDelegate from class [org.springframework.test.context.cache.DefaultCacheAwareContextLoaderDelegate]
14:18:19.710 [Test worker] DEBUG org.springframework.test.context.BootstrapUtils - Instantiating BootstrapContext using constructor [public org.springframework.test.context.support.DefaultBootstrapContext(java.lang.Class,org.springframework.test.context.CacheAwareContextLoaderDelegate)]
14:18:19.742 [Test worker] DEBUG org.springframework.test.context.BootstrapUtils - Instantiating TestContextBootstrapper for test class [org.acme.rest.json.gradle.AppTest] from class [org.springframework.boot.test.context.SpringBootTestContextBootstrapper]
14:18:19.752 [Test worker] INFO org.springframework.boot.test.context.SpringBootTestContextBootstrapper - Neither @ContextConfiguration nor @ContextHierarchy found for test class [org.acme.rest.json.gradle.AppTest], using SpringBootContextLoader
14:18:19.756 [Test worker] DEBUG org.springframework.test.context.support.AbstractContextLoader - Did not detect default resource location for test class [org.acme.rest.json.gradle.AppTest]: class path resource [org/acme/rest/json/gradle/AppTest-context.xml] does not exist
14:18:19.756 [Test worker] DEBUG org.springframework.test.context.support.AbstractContextLoader - Did not detect default resource location for test class [org.acme.rest.json.gradle.AppTest]: class path resource [org/acme/rest/json/gradle/AppTestContext.groovy] does not exist
14:18:19.756 [Test worker] INFO org.springframework.test.context.support.AbstractContextLoader - Could not detect default resource locations for test class [org.acme.rest.json.gradle.AppTest]: no resource found for suffixes {-context.xml, Context.groovy}.
14:18:19.757 [Test worker] INFO org.springframework.test.context.support.AnnotationConfigContextLoaderUtils - Could not detect default configuration classes for test class [org.acme.rest.json.gradle.AppTest]: AppTest does not declare any static, non-private, non-final, nested classes annotated with @Configuration.
14:18:19.798 [Test worker] DEBUG org.springframework.test.context.support.ActiveProfilesUtils - Could not find an 'annotation declaring class' for annotation type [org.springframework.test.context.ActiveProfiles] and class [org.acme.rest.json.gradle.AppTest]
14:18:19.857 [Test worker] DEBUG org.springframework.context.annotation.ClassPathScanningCandidateComponentProvider - Identified candidate component class: file [C:\Users\NicholasSiviglia-C\projects\reference-spring-boot-gradle\app\build\classes\java\main\org\acme\rest\json\gradle\App.class]
14:18:19.859 [Test worker] INFO org.springframework.boot.test.context.SpringBootTestContextBootstrapper - Found @SpringBootConfiguration org.acme.rest.json.gradle.App for test class org.acme.rest.json.gradle.AppTest
14:18:19.948 [Test worker] DEBUG org.springframework.boot.test.context.SpringBootTestContextBootstrapper - @TestExecutionListeners is not present for class [org.acme.rest.json.gradle.AppTest]: using defaults.
14:18:19.948 [Test worker] INFO org.springframework.boot.test.context.SpringBootTestContextBootstrapper - Loaded default TestExecutionListener class names from location [META-INF/spring.factories]: [org.springframework.boot.test.autoconfigure.restdocs.RestDocsTestExecutionListener, org.springframework.boot.test.autoconfigure.web.client.MockRestServiceServerResetTestExecutionListener, org.springframework.boot.test.autoconfigure.web.servlet.MockMvcPrintOnlyOnFailureTestExecutionListener, org.springframework.boot.test.autoconfigure.web.servlet.WebDriverTestExecutionListener, org.springframework.boot.test.autoconfigure.webservices.client.MockWebServiceServerTestExecutionListener, org.springframework.boot.test.mock.mockito.MockitoTestExecutionListener, org.springframework.boot.test.mock.mockito.ResetMocksTestExecutionListener, org.springframework.test.context.web.ServletTestExecutionListener, org.springframework.test.context.support.DirtiesContextBeforeModesTestExecutionListener, org.springframework.test.context.event.ApplicationEventsTestExecutionListener, org.springframework.test.context.support.DependencyInjectionTestExecutionListener, org.springframework.test.context.support.DirtiesContextTestExecutionListener, org.springframework.test.context.transaction.TransactionalTestExecutionListener, org.springframework.test.context.jdbc.SqlScriptsTestExecutionListener, org.springframework.test.context.event.EventPublishingTestExecutionListener]
14:18:19.961 [Test worker] DEBUG org.springframework.boot.test.context.SpringBootTestContextBootstrapper - Skipping candidate TestExecutionListener [org.springframework.test.context.transaction.TransactionalTestExecutionListener] due to a missing dependency. Specify custom listener classes or make the default listener classes and their required dependencies available. Offending class: [org/springframework/transaction/interceptor/TransactionAttributeSource]
14:18:19.961 [Test worker] DEBUG org.springframework.boot.test.context.SpringBootTestContextBootstrapper - Skipping candidate TestExecutionListener [org.springframework.test.context.jdbc.SqlScriptsTestExecutionListener] due to a missing dependency. Specify custom listener classes or make the default listener classes and their required dependencies available. Offending class: [org/springframework/transaction/interceptor/TransactionAttribute]
14:18:19.962 [Test worker] INFO org.springframework.boot.test.context.SpringBootTestContextBootstrapper - Using TestExecutionListeners: [org.springframework.test.context.web.ServletTestExecutionListener@7bbc8656, org.springframework.test.context.support.DirtiesContextBeforeModesTestExecutionListener@6933b6c6, org.springframework.test.context.event.ApplicationEventsTestExecutionListener@7d3e8655, org.springframework.boot.test.mock.mockito.MockitoTestExecutionListener@7dfb0c0f, org.springframework.boot.test.autoconfigure.SpringBootDependencyInjectionTestExecutionListener@626abbd0, org.springframework.test.context.support.DirtiesContextTestExecutionListener@169bb4dd, org.springframework.test.context.event.EventPublishingTestExecutionListener@1f9e9475, org.springframework.boot.test.autoconfigure.restdocs.RestDocsTestExecutionListener@3aa078fd, org.springframework.boot.test.autoconfigure.web.client.MockRestServiceServerResetTestExecutionListener@d23e042, org.springframework.boot.test.autoconfigure.web.servlet.MockMvcPrintOnlyOnFailureTestExecutionListener@46d59067, org.springframework.boot.test.autoconfigure.web.servlet.WebDriverTestExecutionListener@2d0399f4, org.springframework.boot.test.autoconfigure.webservices.client.MockWebServiceServerTestExecutionListener@14dd7b39, org.springframework.boot.test.mock.mockito.ResetMocksTestExecutionListener@66ea810]
14:18:19.963 [Test worker] DEBUG org.springframework.test.annotation.ProfileValueUtils - Retrieved @ProfileValueSourceConfiguration [null] for test class [org.acme.rest.json.gradle.AppTest]
14:18:19.964 [Test worker] DEBUG org.springframework.test.annotation.ProfileValueUtils - Retrieved ProfileValueSource type [class org.springframework.test.annotation.SystemProfileValueSource] for class [org.acme.rest.json.gradle.AppTest]
14:18:19.965 [Test worker] DEBUG org.springframework.test.annotation.ProfileValueUtils - Retrieved @ProfileValueSourceConfiguration [null] for test class [org.acme.rest.json.gradle.AppTest]
14:18:19.965 [Test worker] DEBUG org.springframework.test.annotation.ProfileValueUtils - Retrieved ProfileValueSource type [class org.springframework.test.annotation.SystemProfileValueSource] for class [org.acme.rest.json.gradle.AppTest]
14:18:19.966 [Test worker] DEBUG org.springframework.test.annotation.ProfileValueUtils - Retrieved @ProfileValueSourceConfiguration [null] for test class [org.acme.rest.json.gradle.AppTest]
14:18:19.966 [Test worker] DEBUG org.springframework.test.annotation.ProfileValueUtils - Retrieved ProfileValueSource type [class org.springframework.test.annotation.SystemProfileValueSource] for class [org.acme.rest.json.gradle.AppTest]
14:18:19.967 [Test worker] DEBUG org.springframework.test.annotation.ProfileValueUtils - Retrieved @ProfileValueSourceConfiguration [null] for test class [org.acme.rest.json.gradle.AppTest]
14:18:19.968 [Test worker] DEBUG org.springframework.test.annotation.ProfileValueUtils - Retrieved ProfileValueSource type [class org.springframework.test.annotation.SystemProfileValueSource] for class [org.acme.rest.json.gradle.AppTest]
14:18:19.968 [Test worker] DEBUG org.springframework.test.annotation.ProfileValueUtils - Retrieved @ProfileValueSourceConfiguration [null] for test class [org.acme.rest.json.gradle.AppTest]
14:18:19.968 [Test worker] DEBUG org.springframework.test.annotation.ProfileValueUtils - Retrieved ProfileValueSource type [class org.springframework.test.annotation.SystemProfileValueSource] for class [org.acme.rest.json.gradle.AppTest]
14:18:19.973 [Test worker] DEBUG org.springframework.test.context.support.AbstractDirtiesContextTestExecutionListener - Before test class: context [DefaultTestContext@448c8166 testClass = AppTest, testInstance = [null], testMethod = [null], testException = [null], mergedContextConfiguration = [WebMergedContextConfiguration@4470fbd6 testClass = AppTest, locations = '{}', classes = '{class org.acme.rest.json.gradle.App}', contextInitializerClasses = '[]', activeProfiles = '{}', propertySourceLocations = '{}', propertySourceProperties = '{org.springframework.boot.test.context.SpringBootTestContextBootstrapper=true, server.port=0}', contextCustomizers = set[org.springframework.boot.test.autoconfigure.actuate.metrics.MetricsExportContextCustomizerFactory$DisableMetricExportContextCustomizer@5bf0d49, org.springframework.boot.test.autoconfigure.properties.PropertyMappingContextCustomizer@0, org.springframework.boot.test.autoconfigure.web.servlet.WebDriverContextCustomizerFactory$Customizer@815b41f, org.springframework.boot.test.context.filter.ExcludeFilterContextCustomizer@7e6f74c, org.springframework.boot.test.json.DuplicateJsonObjectContextCustomizerFactory$DuplicateJsonObjectContextCustomizer@10683d9d, org.springframework.boot.test.mock.mockito.MockitoContextCustomizer@0, org.springframework.boot.test.web.client.TestRestTemplateContextCustomizer@489115ef, org.springframework.boot.test.context.SpringBootTestArgs@1, org.springframework.boot.test.context.SpringBootTestWebEnvironment@7714e963], resourceBasePath = 'src/main/webapp', contextLoader = 'org.springframework.boot.test.context.SpringBootContextLoader', parent = [null]], attributes = map['org.springframework.test.context.web.ServletTestExecutionListener.activateListener' -> false]], class annotated with @DirtiesContext [false] with mode [null].
14:18:19.975 [Test worker] DEBUG org.springframework.test.annotation.ProfileValueUtils - Retrieved @ProfileValueSourceConfiguration [null] for test class [org.acme.rest.json.gradle.AppTest]
14:18:19.975 [Test worker] DEBUG org.springframework.test.annotation.ProfileValueUtils - Retrieved ProfileValueSource type [class org.springframework.test.annotation.SystemProfileValueSource] for class [org.acme.rest.json.gradle.AppTest]
14:18:19.978 [Test worker] DEBUG org.springframework.test.context.support.DependencyInjectionTestExecutionListener - Performing dependency injection for test context [[DefaultTestContext@448c8166 testClass = AppTest, testInstance = org.acme.rest.json.gradle.AppTest@32115b28, testMethod = [null], testException = [null], mergedContextConfiguration = [WebMergedContextConfiguration@4470fbd6 testClass = AppTest, locations = '{}', classes = '{class org.acme.rest.json.gradle.App}', contextInitializerClasses = '[]', activeProfiles = '{}', propertySourceLocations = '{}', propertySourceProperties = '{org.springframework.boot.test.context.SpringBootTestContextBootstrapper=true, server.port=0}', contextCustomizers = set[org.springframework.boot.test.autoconfigure.actuate.metrics.MetricsExportContextCustomizerFactory$DisableMetricExportContextCustomizer@5bf0d49, org.springframework.boot.test.autoconfigure.properties.PropertyMappingContextCustomizer@0, org.springframework.boot.test.autoconfigure.web.servlet.WebDriverContextCustomizerFactory$Customizer@815b41f, org.springframework.boot.test.context.filter.ExcludeFilterContextCustomizer@7e6f74c, org.springframework.boot.test.json.DuplicateJsonObjectContextCustomizerFactory$DuplicateJsonObjectContextCustomizer@10683d9d, org.springframework.boot.test.mock.mockito.MockitoContextCustomizer@0, org.springframework.boot.test.web.client.TestRestTemplateContextCustomizer@489115ef, org.springframework.boot.test.context.SpringBootTestArgs@1, org.springframework.boot.test.context.SpringBootTestWebEnvironment@7714e963], resourceBasePath = 'src/main/webapp', contextLoader = 'org.springframework.boot.test.context.SpringBootContextLoader', parent = [null]], attributes = map['org.springframework.test.context.web.ServletTestExecutionListener.activateListener' -> false, 'org.springframework.test.context.event.ApplicationEventsTestExecutionListener.recordApplicationEvents' -> false]]].

  .   ____          _            __ _ _
 /\\ / ___'_ __ _ _(_)_ __  __ _ \ \ \ \
( ( )\___ | '_ | '_| | '_ \/ _` | \ \ \ \
 \\/  ___)| |_)| | | | | || (_| |  ) ) ) )
  '  |____| .__|_| |_|_| |_\__, | / / / /
 =========|_|==============|___/=/_/_/_/
 :: Spring Boot ::               (v2.7.16)

2023-10-19 14:18:20.312  INFO 18060 --- [    Test worker] org.acme.rest.json.gradle.AppTest        : Starting AppTest using Java 1.8.0_382 on SPARK-PF48CJNN with PID 18060 (started by NicholasSiviglia-C in C:\Users\NicholasSiviglia-C\projects\reference-spring-boot-gradle\app)
2023-10-19 14:18:20.313  INFO 18060 --- [    Test worker] org.acme.rest.json.gradle.AppTest        : No active profile set, falling back to 1 default profile: "default"
2023-10-19 14:18:20.892  INFO 18060 --- [    Test worker] org.acme.rest.json.gradle.AppTest        : Started AppTest in 0.89 seconds (JVM running for 1.729)
]]></system-out>
  <system-err><![CDATA[]]></system-err>
</testsuite>
